Mon Feb 16 14:53:47.028 [initandlisten] MongoDB starting : pid=5434 port=27017 dbpath=/data/rs1 64-bit host=carlos-W35xSS-370SS
Mon Feb 16 14:53:47.029 [initandlisten] db version v2.4.9
Mon Feb 16 14:53:47.029 [initandlisten] git version: nogitversion
Mon Feb 16 14:53:47.029 [initandlisten] build info: Linux orlo 3.2.0-58-generic #88-Ubuntu SMP Tue Dec 3 17:37:58 UTC 2013 x86_64 BOOST_LIB_VERSION=1_54
Mon Feb 16 14:53:47.029 [initandlisten] allocator: tcmalloc
Mon Feb 16 14:53:47.029 [initandlisten] options: { dbpath: "/data/rs1", fork: true, logpath: "1.log", oplogSize: 64, port: 27017, replSet: "m101", smallfiles: true }
Mon Feb 16 14:53:47.037 [initandlisten] journal dir=/data/rs1/journal
Mon Feb 16 14:53:47.037 [initandlisten] recover : no journal files present, no recovery needed
Mon Feb 16 14:53:47.070 [initandlisten] ERROR: listen(): bind() failed errno:98 Address already in use for socket: 0.0.0.0:27017
Mon Feb 16 14:53:47.070 [initandlisten] ERROR:   addr already in use
Mon Feb 16 14:53:47.070 [initandlisten] now exiting
Mon Feb 16 14:53:47.070 dbexit: 
Mon Feb 16 14:53:47.070 [initandlisten] shutdown: going to close listening sockets...
Mon Feb 16 14:53:47.070 [websvr] ERROR: listen(): bind() failed errno:98 Address already in use for socket: 0.0.0.0:28017
Mon Feb 16 14:53:47.070 [initandlisten] shutdown: going to flush diaglog...
Mon Feb 16 14:53:47.070 [websvr] ERROR:   addr already in use
Mon Feb 16 14:53:47.070 [initandlisten] shutdown: going to close sockets...
Mon Feb 16 14:53:47.070 [initandlisten] shutdown: waiting for fs preallocator...
Mon Feb 16 14:53:47.071 [initandlisten] shutdown: lock for final commit...
Mon Feb 16 14:53:47.071 [initandlisten] shutdown: final commit...
Mon Feb 16 14:53:47.089 [initandlisten] shutdown: closing all files...
Mon Feb 16 14:53:47.089 [initandlisten] closeAllFiles() finished
Mon Feb 16 14:53:47.089 [initandlisten] journalCleanup...
Mon Feb 16 14:53:47.089 [initandlisten] removeJournalFiles
Mon Feb 16 14:53:47.107 [initandlisten] shutdown: removing fs lock...
Mon Feb 16 14:53:47.107 dbexit: really exiting now
